Connecting to database specified by database.yml
Compiled jquery.js  (1ms)  (pid 24232)
Compiled jquery_ujs.js  (0ms)  (pid 24232)
Compiled bootstrap-transition.js  (0ms)  (pid 24232)
Compiled bootstrap-affix.js  (0ms)  (pid 24232)
Compiled bootstrap-alert.js  (0ms)  (pid 24232)
Compiled bootstrap-button.js  (0ms)  (pid 24232)
Compiled bootstrap-carousel.js  (0ms)  (pid 24232)
Compiled bootstrap-collapse.js  (0ms)  (pid 24232)
Compiled bootstrap-dropdown.js  (0ms)  (pid 24232)
Compiled bootstrap-modal.js  (0ms)  (pid 24232)
Compiled bootstrap-scrollspy.js  (0ms)  (pid 24232)
Compiled bootstrap-tab.js  (0ms)  (pid 24232)
Compiled bootstrap-tooltip.js  (0ms)  (pid 24232)
Compiled bootstrap-popover.js  (0ms)  (pid 24232)
Compiled bootstrap-typeahead.js  (0ms)  (pid 24232)
Compiled bootstrap.js  (220ms)  (pid 24232)
Compiled sessions.js  (319ms)  (pid 24232)
Compiled static_pages.js  (283ms)  (pid 24232)
Compiled users.js  (274ms)  (pid 24232)
Compiled application.js  (1213ms)  (pid 24232)
Compiled custom.css  (4770ms)  (pid 24232)
Compiled sessions.css  (1ms)  (pid 24232)
Compiled static_pages.css  (1ms)  (pid 24232)
Compiled users.css  (1ms)  (pid 24232)
Compiled application.css  (4831ms)  (pid 24232)
Connecting to database specified by database.yml
Compiled jquery.js  (5ms)  (pid 24232)
Compiled jquery_ujs.js  (0ms)  (pid 24232)
Compiled bootstrap-transition.js  (0ms)  (pid 24232)
Compiled bootstrap-affix.js  (0ms)  (pid 24232)
Compiled bootstrap-alert.js  (0ms)  (pid 24232)
Compiled bootstrap-button.js  (0ms)  (pid 24232)
Compiled bootstrap-carousel.js  (0ms)  (pid 24232)
Compiled bootstrap-collapse.js  (0ms)  (pid 24232)
Compiled bootstrap-dropdown.js  (0ms)  (pid 24232)
Compiled bootstrap-modal.js  (0ms)  (pid 24232)
Compiled bootstrap-scrollspy.js  (0ms)  (pid 24232)
Compiled bootstrap-tab.js  (0ms)  (pid 24232)
Compiled bootstrap-tooltip.js  (0ms)  (pid 24232)
Compiled bootstrap-popover.js  (0ms)  (pid 24232)
Compiled bootstrap-typeahead.js  (0ms)  (pid 24232)
Compiled bootstrap.js  (222ms)  (pid 24232)
Compiled sessions.js  (290ms)  (pid 24232)
Compiled static_pages.js  (354ms)  (pid 24232)
Compiled users.js  (309ms)  (pid 24232)
Compiled application.js  (1294ms)  (pid 24232)
Compiled custom.css  (4643ms)  (pid 24232)
Compiled sessions.css  (7ms)  (pid 24232)
Compiled static_pages.css  (7ms)  (pid 24232)
Compiled users.css  (5ms)  (pid 24232)
Compiled application.css  (4726ms)  (pid 24232)
Connecting to database specified by database.yml
Compiled jquery.js  (1ms)  (pid 24276)
Compiled jquery_ujs.js  (0ms)  (pid 24276)
Compiled bootstrap-transition.js  (0ms)  (pid 24276)
Compiled bootstrap-affix.js  (0ms)  (pid 24276)
Compiled bootstrap-alert.js  (0ms)  (pid 24276)
Compiled bootstrap-button.js  (0ms)  (pid 24276)
Compiled bootstrap-carousel.js  (0ms)  (pid 24276)
Compiled bootstrap-collapse.js  (0ms)  (pid 24276)
Compiled bootstrap-dropdown.js  (0ms)  (pid 24276)
Compiled bootstrap-modal.js  (0ms)  (pid 24276)
Compiled bootstrap-scrollspy.js  (0ms)  (pid 24276)
Compiled bootstrap-tab.js  (3ms)  (pid 24276)
Compiled bootstrap-tooltip.js  (3ms)  (pid 24276)
Compiled bootstrap-popover.js  (0ms)  (pid 24276)
Compiled bootstrap-typeahead.js  (0ms)  (pid 24276)
Compiled bootstrap.js  (222ms)  (pid 24276)
Compiled sessions.js  (329ms)  (pid 24276)
Compiled static_pages.js  (286ms)  (pid 24276)
Compiled users.js  (279ms)  (pid 24276)
Compiled application.js  (1237ms)  (pid 24276)
Compiled custom.css  (4621ms)  (pid 24276)
Compiled sessions.css  (7ms)  (pid 24276)
Compiled static_pages.css  (1ms)  (pid 24276)
Compiled users.css  (2ms)  (pid 24276)
Compiled application.css  (4685ms)  (pid 24276)
Connecting to database specified by database.yml
Compiled jquery.js  (1ms)  (pid 24276)
Compiled jquery_ujs.js  (0ms)  (pid 24276)
Compiled bootstrap-transition.js  (0ms)  (pid 24276)
Compiled bootstrap-affix.js  (0ms)  (pid 24276)
Compiled bootstrap-alert.js  (0ms)  (pid 24276)
Compiled bootstrap-button.js  (0ms)  (pid 24276)
Compiled bootstrap-carousel.js  (0ms)  (pid 24276)
Compiled bootstrap-collapse.js  (0ms)  (pid 24276)
Compiled bootstrap-dropdown.js  (2ms)  (pid 24276)
Compiled bootstrap-modal.js  (0ms)  (pid 24276)
Compiled bootstrap-scrollspy.js  (0ms)  (pid 24276)
Compiled bootstrap-tab.js  (0ms)  (pid 24276)
Compiled bootstrap-tooltip.js  (0ms)  (pid 24276)
Compiled bootstrap-popover.js  (0ms)  (pid 24276)
Compiled bootstrap-typeahead.js  (1ms)  (pid 24276)
Compiled bootstrap.js  (234ms)  (pid 24276)
Compiled sessions.js  (272ms)  (pid 24276)
Compiled static_pages.js  (317ms)  (pid 24276)
Compiled users.js  (290ms)  (pid 24276)
Compiled application.js  (1216ms)  (pid 24276)
Compiled custom.css  (4536ms)  (pid 24276)
Compiled sessions.css  (11ms)  (pid 24276)
Compiled static_pages.css  (7ms)  (pid 24276)
Compiled users.css  (3ms)  (pid 24276)
Compiled application.css  (4599ms)  (pid 24276)
